<?xml version="1.0" encoding="UTF-8"?>
<!-- Generated by org.testng.reporters.JUnitReportReporter -->
<testsuite hostname="PSL-DW77XM3" failures="0" tests="4" name="lambdaTest.TestScenario3" time="143.356" errors="0" timestamp="2023-08-09T18:24:19 IST" skipped="0">
  <testcase classname="lambdaTest.TestScenario3" name="inputFormSubmit" time="48.137"/>
  <system-out/>
  <testcase classname="lambdaTest.TestScenario3" name="inputFormSubmit" time="28.366"/>
  <system-out/>
  <testcase classname="lambdaTest.TestScenario3" name="inputFormSubmit" time="28.549"/>
  <system-out/>
  <testcase classname="lambdaTest.TestScenario3" name="inputFormSubmit" time="38.304"/>
  <system-out/>
</testsuite> <!-- lambdaTest.TestScenario3 -->
