<?xml version="1.0" encoding="UTF-8"?>
<!-- Generated by org.testng.reporters.JUnitReportReporter -->
<testsuite hostname="PSL-DW77XM3" failures="0" tests="4" name="lambdaTest.TestScenario1" time="124.586" errors="0" timestamp="2023-08-09T18:24:19 IST" skipped="0">
  <testcase classname="lambdaTest.TestScenario1" name="formDemo" time="52.215"/>
  <system-out/>
  <testcase classname="lambdaTest.TestScenario1" name="formDemo" time="31.109"/>
  <system-out/>
  <testcase classname="lambdaTest.TestScenario1" name="formDemo" time="14.718"/>
  <system-out/>
  <testcase classname="lambdaTest.TestScenario1" name="formDemo" time="26.544"/>
  <system-out/>
</testsuite> <!-- lambdaTest.TestScenario1 -->
